Fetching distribution.
Downloading https://services.gradle.org/distributions/gradle-8.11.1-bin.zip
.............10%.............20%.............30%.............40%.............50%.............60%.............70%.............80%.............90%.............100%

Welcome to Gradle 8.11.1!

Here are the highlights of this release:
 - Parallel load and store for Configuration Cache
 - Java compilation errors at the end of the build output
 - Consolidated report for warnings and deprecations

For more details see https://docs.gradle.org/8.11.1/release-notes.html

Starting a Gradle Daemon (subsequent builds will be faster)

> Configure project :
Fabric Loom: 1.9.2
:remapping 52 mods from modImplementation (java-api)

> Task :checkKotlinGradlePluginConfigurationErrors SKIPPED
> Task :compileKotlin
> Task :processResources
> Task :processIncludeJars
> Task :sourcesJar
> Task :processTestResources NO-SOURCE
> Task :validateAccessWidener NO-SOURCE
> Task :remapSourcesJar

> Task :compileKotlin
e: file:///home/runner/work/tropicalc/tropicalc/src/main/kotlin/com/tropimon/tropicalc/pvp/PvpOverlay.kt:363:56 Classifier 'class ObservationCollector : Any' does not have a companion object, so it cannot be used as an expression.
e: file:///home/runner/work/tropicalc/tropicalc/src/main/kotlin/com/tropimon/tropicalc/pvp/PvpOverlay.kt:366:41 Unresolved reference 'getObjetConfirme'.
e: file:///home/runner/work/tropicalc/tropicalc/src/main/kotlin/com/tropimon/tropicalc/pvp/PvpOverlay.kt:367:41 Unresolved reference 'getTalentConfirme'.
e: file:///home/runner/work/tropicalc/tropicalc/src/main/kotlin/com/tropimon/tropicalc/pvp/PvpOverlay.kt:368:41 Unresolved reference 'aChipTalentConfirme'.
e: file:///home/runner/work/tropicalc/tropicalc/src/main/kotlin/com/tropimon/tropicalc/pvp/PvpOverlay.kt:370:24 Unresolved reference 'getNomAdversaireCourant'.
e: file:///home/runner/work/tropicalc/tropicalc/src/main/kotlin/com/tropimon/tropicalc/pvp/PvpOverlay.kt:371:34 Unresolved reference 'getCoupsAdversaireReveles'.
e: file:///home/runner/work/tropicalc/tropicalc/src/main/kotlin/com/tropimon/tropicalc/pvp/PvpOverlay.kt:388:31 Method 'iterator()' is ambiguous for this expression. Applicable candidates:
fun <T> Enumeration<T>.iterator(): Iterator<T>
fun <T> Iterator<T>.iterator(): Iterator<T>
fun <K, V> Map<out K, V>.iterator(): Iterator<Map.Entry<K, V>>
fun <K, V> MutableMap<K, V>.iterator(): MutableIterator<MutableMap.MutableEntry<K, V>>
fun CharSequence.iterator(): CharIterator
fun BufferedInputStream.iterator(): ByteIterator
e: file:///home/runner/work/tropicalc/tropicalc/src/main/kotlin/com/tropimon/tropicalc/pvp/PvpOverlay.kt:390:52 Unresolved reference 'getPpUtilises'.

> Task :compileKotlin FAILED

FAILURE: Build failed with an exception.

* What went wrong:
Execution failed for task ':compileKotlin'.
> A failure occurred while executing org.jetbrains.kotlin.compilerRunner.GradleCompilerRunnerWithWorkers$GradleKotlinCompilerWorkAction
   > Compilation error. See log for more details

* Try:
> Run with --stacktrace option to get the stack trace.
> Run with --info or --debug option to get more log output.
> Run with --scan to get full insights.
> Get more help at https://help.gradle.org.

BUILD FAILED in 1m 54s
5 actionable tasks: 5 executed
